<?xml version="1.0" encoding="UTF-8"?>
<!-- Generated by org.testng.reporters.JUnitReportReporter -->
<testsuite hostname="hitendra-air" failures="0" tests="4" name="api.test.UserTest" time="11.134" errors="0" timestamp="2023-10-04T00:53:31 IST" skipped="0">
  <testcase classname="api.test.UserTest" name="createUserTest" time="2.165"/>
  <testcase classname="api.test.UserTest" name="getUserTest" time="1.606"/>
  <testcase classname="api.test.UserTest" name="updateUserTest" time="4.346"/>
  <testcase classname="api.test.UserTest" name="deleteUserTest" time="3.017"/>
</testsuite> <!-- api.test.UserTest -->
